1745329157: mosquitto version 2.0.21 starting
1745329157: Config loaded from /mosquitto/config/mosquitto.conf.
1745329157: Opening ipv4 listen socket on port 1883.
1745329157: Opening ipv6 listen socket on port 1883.
1745329157: mosquitto version 2.0.21 running
1745329350: mosquitto version 2.0.21 terminating
1745329350: Saving in-memory database to /mosquitto/data//mosquitto.db.
1745329560: mosquitto version 2.0.21 starting
1745329560: Config loaded from /mosquitto/config/mosquitto.conf.
1745329560: Opening ipv4 listen socket on port 1883.
1745329560: Opening ipv6 listen socket on port 1883.
1745329560: mosquitto version 2.0.21 running
1745329638: mosquitto version 2.0.21 terminating
1745329638: Saving in-memory database to /mosquitto/data//mosquitto.db.
1745329689: mosquitto version 2.0.21 starting
1745329689: Config loaded from /mosquitto/config/mosquitto.conf.
1745329689: Opening ipv4 listen socket on port 1883.
1745329689: Opening ipv6 listen socket on port 1883.
1745329689: mosquitto version 2.0.21 running
1745329702: mosquitto version 2.0.21 terminating
1745329702: Saving in-memory database to /mosquitto/data//mosquitto.db.
1745329731: mosquitto version 2.0.21 starting
1745329731: Config loaded from /mosquitto/config/mosquitto.conf.
1745329731: Opening ipv4 listen socket on port 1883.
1745329731: Opening ipv6 listen socket on port 1883.
1745329731: mosquitto version 2.0.21 running
1745330058: mosquitto version 2.0.21 terminating
1745330058: Saving in-memory database to /mosquitto/data//mosquitto.db.
1745330074: mosquitto version 2.0.21 starting
1745330074: Config loaded from /mosquitto/config/mosquitto.conf.
1745330074: Opening ipv4 listen socket on port 1883.
1745330074: Opening ipv6 listen socket on port 1883.
1745330074: mosquitto version 2.0.21 running
1745330091: mosquitto version 2.0.21 terminating
1745330091: Saving in-memory database to /mosquitto/data//mosquitto.db.
1745330121: mosquitto version 2.0.21 starting
1745330121: Config loaded from /mosquitto/config/mosquitto.conf.
1745330121: Opening ipv4 listen socket on port 1883.
1745330121: Opening ipv6 listen socket on port 1883.
1745330121: mosquitto version 2.0.21 running
1745331922: Saving in-memory database to /mosquitto/data//mosquitto.db.
1745347701: Saving in-memory database to /mosquitto/data//mosquitto.db.
1745349502: Saving in-memory database to /mosquitto/data//mosquitto.db.
1745351303: Saving in-memory database to /mosquitto/data//mosquitto.db.
1745352819: mosquitto version 2.0.21 terminating
1745352819: Saving in-memory database to /mosquitto/data//mosquitto.db.
